<?xml version="1.0" encoding="utf-8"?><testsuites><testsuite name="pytest" errors="0" failures="0" skipped="0" tests="5" time="0.090" timestamp="2023-06-08T18:31:31.852034" hostname="flavio-v"><testcase classname="tests.test_bytebank.TestClass" name="test_quando_idade_recebe_13_03_2000_deve_retornar_23" time="0.002" /><testcase classname="tests.test_bytebank.TestClass" name="test_quando_nome_recebebe_lucas_carvalho_retorna_carvalho" time="0.002" /><testcase classname="tests.test_bytebank.TestClass" name="test_quando_o_decrescimo_salario_for_100000_deve_retornar_90000" time="0.001" /><testcase classname="tests.test_bytebank.TestClass" name="test_quando_calcular_bonus_recebe_1000_deve_retornar_100" time="0.001" /><testcase classname="tests.test_bytebank.TestClass" name="test_quando_calcular_bonus_recebe_10001_deve_retornar_exeption" time="0.001" /></testsuite></testsuites>